
CommandNotFoundError: Your shell has not been properly configured to use 'conda deactivate'.
To initialize your shell, run

    $ conda init <SHELL_NAME>

Currently supported shells are:
  - bash
  - fish
  - tcsh
  - xonsh
  - zsh
  - powershell

See 'conda init --help' for more information and options.

IMPORTANT: You may need to close and restart your shell after running 'conda init'.


no change     /gpfs/loomis/apps/avx/software/miniconda/23.1.0/condabin/conda
no change     /gpfs/loomis/apps/avx/software/miniconda/23.1.0/bin/conda
no change     /gpfs/loomis/apps/avx/software/miniconda/23.1.0/bin/conda-env
no change     /gpfs/loomis/apps/avx/software/miniconda/23.1.0/bin/activate
no change     /gpfs/loomis/apps/avx/software/miniconda/23.1.0/bin/deactivate
no change     /gpfs/loomis/apps/avx/software/miniconda/23.1.0/etc/profile.d/conda.sh
no change     /gpfs/loomis/apps/avx/software/miniconda/23.1.0/etc/fish/conf.d/conda.fish
no change     /gpfs/loomis/apps/avx/software/miniconda/23.1.0/shell/condabin/Conda.psm1
no change     /gpfs/loomis/apps/avx/software/miniconda/23.1.0/shell/condabin/conda-hook.ps1
no change     /gpfs/loomis/apps/avx/software/miniconda/23.1.0/lib/python3.10/site-packages/xontrib/conda.xsh
no change     /gpfs/loomis/apps/avx/software/miniconda/23.1.0/etc/profile.d/conda.csh
no change     /home/kmf69/.bashrc
No action taken.
/gpfs/gibbs/project/mak/kmf69/conda_envs/umap3/lib/python3.9/site-packages/seaborn/distributions.py:1185: UserWarning: The following kwargs were not used by contour: 's', 'linewidth'
  cset = contour_func(
/gpfs/gibbs/project/mak/kmf69/conda_envs/umap3/lib/python3.9/site-packages/seaborn/distributions.py:1185: UserWarning: The following kwargs were not used by contour: 's', 'linewidth'
  cset = contour_func(
/gpfs/gibbs/project/mak/kmf69/conda_envs/umap3/lib/python3.9/site-packages/seaborn/distributions.py:1185: UserWarning: The following kwargs were not used by contour: 's', 'linewidth'
  cset = contour_func(
/gpfs/gibbs/project/mak/kmf69/conda_envs/umap3/lib/python3.9/site-packages/seaborn/distributions.py:1185: UserWarning: The following kwargs were not used by contour: 's', 'linewidth'
  cset = contour_func(
/gpfs/gibbs/project/mak/kmf69/conda_envs/umap3/lib/python3.9/site-packages/seaborn/distributions.py:1185: UserWarning: The following kwargs were not used by contour: 's', 'linewidth'
  cset = contour_func(
/gpfs/gibbs/project/mak/kmf69/conda_envs/umap3/lib/python3.9/site-packages/seaborn/distributions.py:1185: UserWarning: The following kwargs were not used by contour: 's', 'linewidth'
  cset = contour_func(
/gpfs/gibbs/project/mak/kmf69/conda_envs/umap3/lib/python3.9/site-packages/seaborn/distributions.py:1185: UserWarning: The following kwargs were not used by contour: 's', 'linewidth'
  cset = contour_func(
/gpfs/gibbs/project/mak/kmf69/conda_envs/umap3/lib/python3.9/site-packages/seaborn/distributions.py:1185: UserWarning: The following kwargs were not used by contour: 's', 'linewidth'
  cset = contour_func(
/gpfs/gibbs/project/mak/kmf69/conda_envs/umap3/lib/python3.9/site-packages/seaborn/distributions.py:1185: UserWarning: The following kwargs were not used by contour: 's', 'linewidth'
  cset = contour_func(
/gpfs/gibbs/project/mak/kmf69/conda_envs/umap3/lib/python3.9/site-packages/seaborn/distributions.py:1185: UserWarning: The following kwargs were not used by contour: 's', 'linewidth'
  cset = contour_func(
/gpfs/gibbs/project/mak/kmf69/conda_envs/umap3/lib/python3.9/site-packages/seaborn/distributions.py:1185: UserWarning: The following kwargs were not used by contour: 's', 'linewidth'
  cset = contour_func(
/gpfs/gibbs/project/mak/kmf69/conda_envs/umap3/lib/python3.9/site-packages/seaborn/distributions.py:1185: UserWarning: The following kwargs were not used by contour: 's', 'linewidth'
  cset = contour_func(
/gpfs/gibbs/project/mak/kmf69/conda_envs/umap3/lib/python3.9/site-packages/seaborn/distributions.py:1185: UserWarning: The following kwargs were not used by contour: 's', 'linewidth'
  cset = contour_func(
/gpfs/gibbs/project/mak/kmf69/conda_envs/umap3/lib/python3.9/site-packages/seaborn/distributions.py:1185: UserWarning: The following kwargs were not used by contour: 's', 'linewidth'
  cset = contour_func(
/gpfs/gibbs/project/mak/kmf69/conda_envs/umap3/lib/python3.9/site-packages/seaborn/distributions.py:1185: UserWarning: The following kwargs were not used by contour: 's', 'linewidth'
  cset = contour_func(
/gpfs/gibbs/project/mak/kmf69/conda_envs/umap3/lib/python3.9/site-packages/seaborn/distributions.py:1185: UserWarning: The following kwargs were not used by contour: 's', 'linewidth'
  cset = contour_func(
/gpfs/gibbs/project/mak/kmf69/conda_envs/umap3/lib/python3.9/site-packages/seaborn/distributions.py:1185: UserWarning: The following kwargs were not used by contour: 's', 'linewidth'
  cset = contour_func(
/gpfs/gibbs/project/mak/kmf69/conda_envs/umap3/lib/python3.9/site-packages/seaborn/distributions.py:1185: UserWarning: The following kwargs were not used by contour: 's', 'linewidth'
  cset = contour_func(
/gpfs/gibbs/project/mak/kmf69/conda_envs/umap3/lib/python3.9/site-packages/seaborn/distributions.py:1185: UserWarning: The following kwargs were not used by contour: 's', 'linewidth'
  cset = contour_func(
/gpfs/gibbs/project/mak/kmf69/conda_envs/umap3/lib/python3.9/site-packages/seaborn/distributions.py:1185: UserWarning: The following kwargs were not used by contour: 's', 'linewidth'
  cset = contour_func(
